<?xml version="1.0" encoding="UTF-8"?>
<!-- Generated by org.testng.reporters.JUnitReportReporter -->
<testsuite hostname="Candis-MacBook-Pro.local" failures="0" tests="3" name="files.DynamicJson" time="4.947" errors="0" timestamp="2021-01-05T16:29:00 CET" skipped="0">
  <testcase classname="files.DynamicJson" name="addBook" time="0.842"/>
  <system-out/>
  <testcase classname="files.DynamicJson" name="addBook" time="3.124"/>
  <system-out/>
  <testcase classname="files.DynamicJson" name="addBook" time="0.981"/>
  <system-out/>
</testsuite> <!-- files.DynamicJson -->
