<?xml version="1.0" encoding="UTF-8"?>
<!-- Generated by org.testng.reporters.JUnitReportReporter -->
<testsuite hostname="Candis-MacBook-Pro.local" failures="0" tests="1" name="SumValidation" time="1.351" errors="0" timestamp="2021-01-05T16:29:54 CET" skipped="0">
  <testcase classname="SumValidation" name="SumOfCourse" time="1.351"/>
  <system-out/>
</testsuite> <!-- SumValidation -->
